<?xml version="1.0" encoding="UTF-8"?>
<testsuite name="agh.ii.prinjava.proj2.PlayWithMoviesTest" tests="10" skipped="0" failures="0" errors="0" timestamp="2022-11-13T12:59:43" hostname="DESKTOP-FP47ISS" time="0.589">
  <properties/>
  <testcase name="testEx01()" classname="agh.ii.prinjava.proj2.PlayWithMoviesTest" time="0.187"/>
  <testcase name="testEx02()" classname="agh.ii.prinjava.proj2.PlayWithMoviesTest" time="0.04"/>
  <testcase name="testEx03()" classname="agh.ii.prinjava.proj2.PlayWithMoviesTest" time="0.072"/>
  <testcase name="testEx04()" classname="agh.ii.prinjava.proj2.PlayWithMoviesTest" time="0.039"/>
  <testcase name="testEx05()" classname="agh.ii.prinjava.proj2.PlayWithMoviesTest" time="0.047"/>
  <testcase name="testEx06()" classname="agh.ii.prinjava.proj2.PlayWithMoviesTest" time="0.027"/>
  <testcase name="testEx07()" classname="agh.ii.prinjava.proj2.PlayWithMoviesTest" time="0.045"/>
  <testcase name="testEx08()" classname="agh.ii.prinjava.proj2.PlayWithMoviesTest" time="0.055"/>
  <testcase name="testEx09()" classname="agh.ii.prinjava.proj2.PlayWithMoviesTest" time="0.023"/>
  <testcase name="testEx10()" classname="agh.ii.prinjava.proj2.PlayWithMoviesTest" time="0.038"/>
  <system-out><![CDATA[
Searching movies by Guy Ritchie...
[Snatch, Lock, Stock and Two Smoking Barrels]

Searching movies by Christopher Nolan...
[The Dark Knight, Inception, Interstellar, The Prestige, Memento, The Dark Knight Rises, Batman Begins]

Searching movies by Quentin Tarantino...
[Pulp Fiction, Django Unchained, Reservoir Dogs, Inglourious Basterds, Kill Bill: Vol. 1, Sin City]

Searching movies with Tom Hanks...
[Forrest Gump, Saving Private Ryan, The Green Mile, Toy Story 3, Toy Story, Catch Me If You Can]

Searching movies with Tom Hardy...
[Inception, The Dark Knight Rises, Warrior, Mad Max: Fury Road, The Revenant]

Searching movies with Robert De Niro...
[The Godfather: Part II, Goodfellas, Once Upon a Time in America, Raging Bull, Heat, Casino, The Deer Hunter]

Calculating the number of movies per director...
{Bob Clark=1, Otto Preminger=2, Peter Jackson=3, Jim Sheridan=1, Milos Forman=2, Alan Parker=1, Charles Laughton=1, Peter Weir=2, Howard Hawks=3, Robert Mulligan=1, Peter Bogdanovich=1, Edmund Goulding=1, Carol Reed=1, Roger Allers=1, Sean Penn=1, Stanley Donen=1, James Cameron=3, Michael Curtiz=1, Robert Rodriguez=1, John McTiernan=1, Chris Sanders=1, Irvin Kershner=1, Tim Burton=1, Mel Gibson=2, Michael Mann=1, Robert Rossen=1, Edward Zwick=1, Lenny Abrahamson=1, Ron Clements=1, Gore Verbinski=1, Harold Ramis=1, Guy Ritchie=2, Stuart Rosenberg=1, Alfred Hitchcock=9, Loveleen Tandan=1, Ridley Scott=4, David Yates=1, John Musker=1, Sam Peckinpah=1, Tom Hooper=1, John Ford=2, Robert Aldrich=1, Lee Unkrich=3, Wes Anderson=1, Tomm Moore=1, Oliver Stone=2, Pete Docter=3, Jared Bush=1, Barry Levinson=1, John Carpenter=1, Norman Taurog=1, Mel Brooks=1, Victor Fleming=2, Lasse Hallström=1, Tony Kaye=1, Joseph L. Mankiewicz=2, Tom McCarthy=1, George Roy Hill=2, Darren Aronofsky=1, Martin Scorsese=7, Steven Spielberg=7, Joel Coen=3, Bryan Singer=1, King Vidor=1, Clint Eastwood=3, George Lucas=1, Lars von Trier=1, Gavin O'Connor=1, Richard Linklater=2, Woody Allen=1, Gene Kelly=1, Francis Ford Coppola=3, Paul Greengrass=1, J.J. Abrams=1, Moustapha Akkad=1, Jon Watts=1, Andrew Stanton=2, William Wyler=3, Luc Besson=1, Kirk Wise=1, Tate Taylor=1, Sidney Lumet=3, Charles Chaplin=5, Eli Roth=1, Terry Jones=2, Mervyn LeRoy=1, Stanley Kubrick=8, John Huston=2, Sam Mendes=1, Lewis Milestone=1, Fred Zinnemann=1, Frank Capra=4, David Fincher=3, William Friedkin=1, Jacques Tourneur=1, Ron Howard=2, George Cukor=3, Rob Reiner=2, Gus Van Sant=1, Elia Kazan=2, Richard Kelly=1, Tim Miller=1, Frank Darabont=2, Sam Wood=2, David Silverman=1, John Frankenheimer=1, Mike Nichols=2, Robert Hamer=1, Destin Daniel Cretton=1, Wim Wenders=1, Steve McQueen=1, Richard Brooks=1, Franklin J. Schaffner=2, Terry Gilliam=2, Stanley Kramer=1, Lana Wachowski=1, Ethan Coen=3, Clyde Bruckman=1, Frank Miller=1, Garth Davis=1, Dean DeBlois=1, Orson Welles=2, Adam Elliot=1, Edgar Wright=1, Christopher Nolan=7, Morten Tyldum=1, John G. Avildsen=1, Paul Thomas Anderson=2, Terry George=1, Rob Minkoff=1, Gary Trousdale=1, Henry Koster=1, Giuseppe Tornatore=1, James Gunn=2, Buster Keaton=1, David Lynch=2, Roman Polanski=2, Joss Whedon=1, Richard Marquand=1, Lilly Wachowski=1, Michel Gondry=1, Jonathan Demme=1, Quentin Tarantino=6, Bob Peterson=1, Billy Wilder=7, Curtis Hanson=1, Alejandro González Iñárritu=1, Sergio Leone=1, John Lasseter=1, Michael Cimino=1, Richard Attenborough=1, John Sturges=1, David Lean=3, Robert Zemeckis=2, Henry Selick=1, Ronnie Del Carmen=1, Damien Chazelle=2, James Mangold=1, Denis Villeneuve=1, Byron Howard=1, James McTeigue=1, M. Night Shyamalan=1, Brian De Palma=1, George Miller=1, Rich Moore=1, Billy Bob Thornton=1, Danny Boyle=2}

Looking for the 10 directors with the most films
[Alfred Hitchcock=9, Stanley Kubrick=8, Martin Scorsese=7, Steven Spielberg=7, Christopher Nolan=7, Billy Wilder=7, Quentin Tarantino=6, Charles Chaplin=5, Ridley Scott=4, Frank Capra=4]

Looking for the movies of the 10 directors with the most movies...

Looking for the 10 directors with the most films
[Alfred Hitchcock=9, Stanley Kubrick=8, Martin Scorsese=7, Steven Spielberg=7, Christopher Nolan=7, Billy Wilder=7, Quentin Tarantino=6, Charles Chaplin=5, Ridley Scott=4, Frank Capra=4]
[Alfred Hitchcock=[Psycho, Rear Window, North by Northwest, Vertigo, Dial M for Murder, Rebecca, Strangers on a Train, Notorious, Rope], Stanley Kubrick=[Dr. Strangelove or: How I Learned to Stop Worrying and Love the Bomb, Paths of Glory, The Shining, A Clockwork Orange, 2001: A Space Odyssey, Full Metal Jacket, Barry Lyndon, The Killing], Martin Scorsese=[Goodfellas, The Departed, Taxi Driver, Raging Bull, Casino, The Wolf of Wall Street, Shutter Island], Steven Spielberg=[Schindler's List, Saving Private Ryan, Raiders of the Lost Ark, Indiana Jones and the Last Crusade, Jurassic Park, Catch Me If You Can, Jaws], Christopher Nolan=[The Dark Knight, Inception, Interstellar, The Prestige, Memento, The Dark Knight Rises, Batman Begins], Billy Wilder=[Sunset Boulevard, Witness for the Prosecution, Double Indemnity, The Apartment, Some Like It Hot, Stalag 17, The Lost Weekend], Quentin Tarantino=[Pulp Fiction, Django Unchained, Reservoir Dogs, Inglourious Basterds, Kill Bill: Vol. 1, Sin City], Charles Chaplin=[City Lights, Modern Times, The Great Dictator, The Kid, The Gold Rush], Ridley Scott=[Gladiator, Alien, Blade Runner, The Martian], Frank Capra=[It's a Wonderful Life, Mr. Smith Goes to Washington, It Happened One Night, Arsenic and Old Lace]]

Calculating the number of movies per actor...
{David Morse=1, James Robinson=1, Willem Dafoe=2, Joan Allen=1, Alec Guinness=3, Edward Furlong=2, Coleen Gray=1, Hanno Pöschl=1, William Sadler=1, Oliver Reed=1, Rowan Atkinson=1, Irene Papas=1, Phyllis Smith=1, Keira Knightley=2, Eric Idle=2, Gregory Peck=2, Alan Howard=1, Harrison Ford=7, Vivien Leigh=2, Barry Humphries=1, Piper Perabo=1, William Sylvester=1, Chris Elliott=1, Jackie Coogan=1, Dorothy Comingore=1, Ray Liotta=1, Rutger Hauer=1, Scott Glenn=1, Johnny Sekka=1, James Caan=1, America Ferrera=1, Sully Boyar=1, Howard Da Silva=1, Michael Keaton=2, Kevin McKidd=1, Guy Pearce=2, Jack Lemmon=2, Emma Thompson=1, Amanda Plummer=1, Robert Portal=1, Carrie Fisher=4, Daniel Radcliffe=1, Angie Dickinson=1, Billy Dee Williams=2, Anil Kapoor=1, J.D. Cannon=1, Bob Gunton=1, Andrea Eckert=1, Edna Purviance=1, Perry Lopez=1, Idris Elba=1, Burt Young=1, Joan Fontaine=1, Wendell Corey=1, Lee Marvin=1, John Mighton=1, Angela Lansbury=2, Kim Hunter=1, Josh Brolin=1, Kirk Douglas=2, Carl Miller=1, Michal Zebrowski=1, Steve McQueen=2, Vernon Dobtcheff=1, Liam Neeson=2, Robert Shaw=2, Valerie Hobson=1, Jack Carson=2, Ray Bolger=1, Peter Boyle=1, Rosamund Pike=1, Marlene Dietrich=2, Haya Harareet=1, Thora Birch=1, Rex Everhart=1, Marlon Brando=4, E.G. Marshall=1, Raj Zutshi=1, Kitty Carlisle=1, Michael Bates=1, Ali Astin=1, Heath Ledger=1, Tim Robbins=1, Jennifer Connelly=3, Catherine O'Hara=1, Debbie Reynolds=1, Javier Bardem=1, Michael Madsen=1, Dustin Hoffman=3, Keanu Reeves=1, Hakeem Kae-Kazim=1, Danny Elfman=1, Richard Pyros=1, Edward G. Robinson=1, Elizabeth McGovern=1, Otto Preminger=1, William Holden=5, Hugo Weaving=2, Rachel McAdams=1, Joe Pantoliano=1, Julianne Moore=1, David Clennon=1, Ellen Burstyn=3, Frank Overton=1, Ruth Roman=1, Laurence Harvey=1, Alison Crosbie=1, Jeff Goldblum=1, Raymond Massey=1, Henry Daniell=1, Brendan Gleeson=1, Lew Ayres=1, Jenny Slate=1, David Aston=1, Michael Gambon=1, Hilary Swank=1, Jay C. Flippen=1, Edward Fox=1, Jacob Warner=1, Humphrey Bogart=4, Burl Ives=1, Mandy Patinkin=1, George Kennedy=1, Edward Burns=1, Sam Neill=1, Edward James Olmos=1, Eva Marie Saint=1, Morgan Freeman=4, Jesse White=1, Powers Boothe=1, Pat Healy=1, Bert Lahr=1, Mackenzie Foy=1, Stephanie Beatriz=1, Arthur O'Connell=1, Martin Balsam=1, Janet Leigh=3, John Wayne=2, Claude Rains=3, Jessie Royce Landis=1, Ed Skrein=1, Alison Doody=1, Danny Lloyd=1, Lorraine Bracco=1, Matt Damon=4, Edward Asner=1, Robert Mitchum=2, Elizabeth Taylor=2, Tom Sizemore=1, Gary Lockwood=1, Nick Moran=1, Vincent D'Onofrio=1, Dennis Farina=1, John Huston=1, Bruce Allpress=1, Tom Murray=1, Jane Wyman=1, Tom Cruise=1, Sam Berry=1, Victor Argo=1, Victor Buono=1, Beverly D'Angelo=1, Kristin Rudrüd=1, John Ritter=1, Gino Ardito=1, Danny Aiello=1, Wes Bentley=1, River Phoenix=1, Barry Pepper=1, Gene Lockhart=1, Jay Baruchel=2, Jason Bateman=1, Walter Connolly=1, Steve Buscemi=3, Jean Arthur=1, Katie Holmes=1, Keenan Wynn=1, Robby Benson=1, Eric Bana=1, Jean Reno=1, Richard S. Castellano=1, John Cazale=2, George Raft=1, Stanley Holloway=1, Walter Huston=1, Emma Stone=2, Robert Cummings=1, Vin Diesel=2, Maria Bello=1, David Rawle=1, Noel Appleby=2, Mathieu Amalric=1, Kerry Washington=1, Jean Hagen=1, Paulette Goddard=1, Don Rickles=1, Nicholas Hoult=1, Gladys George=1, Alexander Gould=1, Sally Kirkland=1, Bill Nunn=1, Kagiso Kuypers=1, Erich von Stroheim=1, Ellen DeGeneres=1, Agnes Moorehead=1, Jim Cummings=1, Jon Voight=1, Peter Finch=1, Charles Durning=1, Joan Cusack=1, Harvey Keitel=1, Louis Calhern=1, Val Kilmer=1, Jeff Bridges=2, Cathy Moriarty=1, Peter Cushing=1, Fred MacMurray=2, John Matthews=1, Andrew Garfield=1, Dean Martin=1, Roy Scheider=1, Shelley Winters=1, John Gavin=1, Saurabh Shukla=1, Wilford Brimley=1, Matthew Broderick=1, Sigourney Weaver=2, Jane Galloway Heitz=1, Audrey Hepburn=1, Vivica A. Fox=1, Albert Brooks=1, Neil Flynn=1, Denholm Elliott=1, Holmes Osborne=1, Woody Allen=1, Joyce Carey=1, Brad Pitt=3, Ruth Warrick=1, Edward Norton=2, Annette Bening=1, Stephen Rea=1, Rod Steiger=1, Timothy Bottoms=1, Marion Mack=1, Jared Leto=1, Karan Soni=1, Christopher Walken=2, Peter Lorre=1, Jessica Alba=1, Bryan Batt=1, Philip King=1, Nick Nolte=1, Frederic Forrest=1, Mark Boone Junior=1, Jack Oakie=1, Carol Kane=1, Lea Thompson=1, Jonah Hill=1, Rhonda Fleming=1, Harry Myers=1, Thelma Ritter=1, Ralph Meeker=1, Sandy Dennis=1, Milo Gibson=1, Bill Hader=1, Don Cheadle=1, Liev Schreiber=1, Henry Fonda=1, Mark Wahlberg=1, Celia Johnson=1, Jon Bernthal=1, Bryce Dallas Howard=1, Richard Dreyfuss=1, Khushi Solanki=1, Jane Greer=1, Shelley Duvall=1, Evelyn Keyes=1, Donald Wiegert=1, Keith David=1, Carrie-Anne Moss=2, Ben Affleck=2, Amiée Conn=1, Ansel Elgort=1, Adam Driver=1, Edmond O'Brien=1, Barbara Stanwyck=1, Virginia Cherrill=1, Arnold Lucy=1, Ernest Borgnine=1, Jane Darwell=1, Frank Morgan=1, Laura Linney=1, Graham Chapman=2, Sally Field=1, Michelle Pfeiffer=1, Martin Stringer=1, Hartley Power=1, Jason Statham=1, Dwight Yoakam=1, Jacob Tremblay=1, Russell Crowe=3, Patrick Stewart=1, T.K. Carter=1, Adrien Brody=2, Melinda Dillon=1, William Hickey=1, Tyrone Power=1, John Bach=1, Melissa Benoist=1, Tiny Sandford=1, Robert Walker=1, Adam Baldwin=1, Vinnie Jones=1, Eleanor David=1, Peter O'Toole=1, Elijah Wood=1, Daniel Zacapa=1, Paul Gleason=1, Leo G. Carroll=1, Daniel Richter=1, Alec Cawthorne=1, Bruce Bennett=1, Clark Gable=1, Jordan Nagai=1, Mack Swain=1, Eli Roth=1, John Hurt=1, Reginald Gardiner=1, Gene Hackman=1, Robert Redford=2, David Strathairn=1, Teresa Wright=1, Meat Loaf=1, James Donald=1, Brie Larson=2, Philip Seymour Hoffman=1, Christopher Carley=1, Ethan Hawke=3, Paul Newman=5, Joseph Gordon-Levitt=2, Anne Baxter=1, Celeste Holm=1, Dennis Price=1, Maggie Gyllenhaal=1, Lionel Barrymore=1, Ryan Gosling=1, Elsa Lanchester=1, Ginnifer Goodwin=1, Aaron Eckhart=1, Lawrence T. Wrentz=1, Orlando Bloom=1, Sean Connery=1, John Travolta=1, Christopher Guest=1, Roscoe Karns=1, Rosalind Russell=1, Johnny Depp=1, Groucho Marx=1, Matthew Modine=1, Gerry Robert Byrne=1, George C. Scott=3, Julie Delpy=2, Stephen Boyd=1, Marcia Gay Harden=1, Lisa Hannigan=1, Andie MacDowell=1, Mary Astor=1, John Fiedler=1, Lee J. Cobb=3, F. Murray Abraham=2, Michael Biehn=2, Robert Sean Leonard=1, Jim Varney=1, Matthew Goode=1, Clarence Williams III=1, James Laurenson=1, Anne Bancroft=2, Laura Dern=1, George Macready=1, Miles Teller=1, Tim Roth=3, Ewen Bremner=1, Spencer Tracy=1, Trevor Howard=2, Anthony Quinn=2, Rebecca Williams=1, Jon Seda=1, Cary-Hiroyuki Tagawa=1, Pruitt Taylor Vince=1, Thomas Mitchell=3, Hugh Jackman=3, Christian Bale=4, Stephen Tobolowsky=1, Harriet Andersson=1, Boyd Holbrook=1, J.T. Walsh=1, Dexter Fletcher=1, Victor Jory=1, Chris Sarandon=2, Rory Kinnear=1, Ben Kingsley=3, John Megna=1, James Mason=1, Charlize Theron=1, Chris Hemsworth=2, Ryan O'Neal=1, Marisa Tomei=1, Marty Feldman=1, Katharine Hepburn=1, Richard Widmark=1, Kevin Spacey=3, Bob Geldof=1, Lawrence A. Bonney=1, John Williams=1, Robert Strauss=1, Sarah Roemer=1, Priscilla Lane=1, Alexandra Maria Lara=1, James Stewart=7, Peter Billingsley=1, Veronica Cartwright=1, Kim Novak=1, Paul Freeman=1, Glen Cavender=1, Piper Laurie=1, Sean Lawlor=1, Don Taylor=1, Chris Pratt=2, Al Pacino=4, Wendy Crewson=1, William Hurt=1, Domhnall Gleeson=1, Talia Shire=1, Eddie Albert=1, John Gallagher Jr.=1, Amy Poehler=1, Gabriel Byrne=1, Charlton Heston=2, Gerald R. Molen=1, Linda Hamilton=2, James Woods=2, Joan Greenwood=1, Tony Roberts=1, Emilia Fox=1, Jeff Garlin=1, John Savage=1, Emile Hirsch=1, Alexis Bledel=1, Charley Grapewin=1, Stellan Skarsgård=1, Scatman Crothers=1, Alonzo Brown=1, Orson Welles=2, Ryan Reynolds=1, Jena Malone=1, Jim Farley=1, Shirley MacLaine=1, Colin Firth=1, Jesse Corti=1, Buster Keaton=1, Fionnula Flanagan=1, Anthony Hopkins=1, Linda Larkin=1, Katy Jurado=1, Ray Walston=1, Mélanie Laurent=1, Octavia Spencer=1, Laurence Fishburne=1, Jonathan Freeman=1, Peter Sellers=1, Desmond Dube=1, Sharon Stone=1, Anthony Ramirez=1, Louise Lemoine Torrès=1, Noah Emmerich=1, Leonardo DiCaprio=8, Tom Hulce=1, Scott Schwartz=1, Rosemary Murphy=1, Jacob Stringer=1, Lauren Bacall=2, Frank Adu=1, Natascha McElhone=1, Jack Nicholson=3, Bruce Willis=3, Charles Laughton=1, Lucy Liu=1, Joe Pesci=4, Terry Walters=1, Robert Ryan=1, Alan Rickman=1, Chris Evans=1, Ed Harris=1, Tommy Lee Jones=1, Kitty Winn=1, Judy Garland=1, Phillip Terry=1, Barbara O'Neil=1, Natalie Portman=2, Louis Wolheim=1, Keir Dullea=1, Marlon Wayans=1, Sunny Pawar=1, Jim Carrey=2, Bette Davis=2, Vincent Price=1, Jonny Lee Miller=1, Judith Anderson=1, Katharine Ross=2, Wallace Ford=1, John Dall=1, Dwight Henry=1, Joseph A. Carpenter=1, Michael Berryman=1, Forest Whitaker=1, Tony Curtis=1, Strother Martin=1, Ricky Nelson=1, Vera Miles=2, Paul Henreid=1, Billy Crudup=1, Ingrid Bergman=2, Billy Crystal=1, Lorraine Gary=1, Sissy Spacek=1, Sean Young=1, Gene Kelly=1, Lou Antonio=1, Steve Reed=1, Adolphe Menjou=1, Jerry O'Connell=1, Geoffrey Rush=1, Malcolm McDowell=1, Vince Edwards=1, Gary Cooper=1, Alida Valli=1, Mark Ruffalo=3, Stephen Baldwin=1, Darren McGavin=1, Bill Murray=1, Robert Duvall=3, Patrick Magee=2, Peter Stormare=1, Sean Astin=3, Robert Downey Jr.=2, James Garner=1, Ronald Lacey=1, Ed Stoppard=1, Joaquin Phoenix=1, Tom Hardy=5, Gene Wilder=1, Jamie Foxx=1, Farley Granger=2, Gene Tierney=1, Karl Malden=3, Laura Lovelace=1, Frank Vincent=1, Florence Lee=1, Caroline Goodall=1, John Gielgud=2, Sylvester Stallone=1, James Gleason=1, Roy Dotrice=1, John Ridgely=1, Julia Stiles=1, Michael Benyaer=1, Ralph Bellamy=1, Claudette Colbert=1, William H. Macy=1, Gloria Swanson=1, Mark Flanagan=1, Penelope Allen=1, Jean-Marc Barr=1, Jackie Gleason=1, Sala Baker=2, Kate Winslet=1, Don Gordon=1, J.K. Simmons=1, Daniel Brühl=1, George Sanders=2, Will Poulter=1, Christopher Plummer=2, Richard Gere=1, Albert Finney=1, Michael Strong=1, Jon Hamm=1, Richard Kind=1, Tyler Perry=1, John Goodman=2, Ray Milland=2, John Lithgow=1, Mark Hamill=4, Joan Crawford=1, Dana Andrews=2, Laurence Olivier=2, Jack Hawkins=3, John Cleese=2, Joseph Cotten=2, Steven Bauer=1, James Cromwell=1, Carrie Henn=1, Reginald VelJohnson=1, Diahnne Abbott=1, Peter Brocco=1, Ewan McGregor=2, Priyanka Bose=1, Craig Ferguson=1, Jodie Foster=1, Nicole Kidman=1, Fredric March=1, Ralph Fiennes=3, Frank Sinatra=1, Tom Berenger=1, Rami Malek=1, Clint Eastwood=3, Michael J. Fox=1, Ben Gazzara=1, Connie Nielsen=1, Martha Vickers=1, Ruth Hussey=1, Faye Dunaway=2, Tim Allen=2, Jake Gyllenhaal=2, Cary Elwes=1, Cybill Shepherd=1, Genevieve Zweig=1, Xolani Mali=1, Max von Sydow=2, Hardy Krüger=1, Zoe Saldana=2, Tom Skerritt=1, Matthew McConaughey=2, Ned Beatty=1, Viola Davis=2, Cary Grant=5, Candice Bergen=1, Christopher Lloyd=1, Woody Harrelson=1, Mary Elizabeth Mastrantonio=1, Eiza González=1, Nancy Olson=1, Elissa Knight=1, Terry Gilliam=2, Ben Johnson=1, Sandy Nelson=1, Zach Grenier=1, Dafne Keen=1, Djimon Hounsou=1, Richard Harris=1, Olivia Wilde=1, Benedict Cumberbatch=1, Tom Helmore=1, Dickie Gravois=1, Dean Stockwell=1, Michael Conner Humphreys=1, Bonnie Bedelia=1, Matthew Braden Stringer=1, Kasi Lemmons=1, Henry Bergman=2, Donald O'Connor=1, Wil Wheaton=1, Gary Oldman=2, Corey Feldman=1, Michael Ansara=1, Tom Holland=1, Bob Peterson=1, Margot Robbie=1, Paul Reiser=2, John Carradine=1, Barbara Bel Geddes=1, William H. Lynn=1, Billy Bob Thornton=1, Joel Edgerton=1, Harry Dean Stanton=2, Harpo Marx=1, Martin Sheen=2, Bonnie Hunt=1, William Daniels=1, Sessue Hayakawa=1, Abhishek Bharate=1, Clifton Webb=1, Karen Allen=1, Warren Clarke=1, Stephen Young=1, George Segal=1, Gerard Butler=1, Dev Patel=1, Helena Bonham Carter=1, Jennifer Lien=1, Porter Hall=1, Douglas Dick=1, Richard Burton=1, Myrna Loy=1, Daryl Hannah=1, Sean Bridgers=1, Jessica Chastain=1, Grace Kelly=2, Hugh Keays-Byrne=1, Fred Willard=1, Mary Gibbs=1, Kevin Pollak=1, Robert Patrick=1, Michael Chance=1, Sterling Hayden=2, Beulah Garrick=1, Chiwetel Ejiofor=1, Carl Weathers=1, Joseph Calleia=1, R. Lee Ermey=1, Madeline Kahn=1, Dave Bautista=2, Burt Lancaster=1, Chris Penn=1, Charles Chaplin=4, Josh Charles=1, Al Ernest Garcia=1, Ahney Her=1, Marisa Berenson=1, Dean R. Brooks=1, Elizabeth Berridge=1, Jason Flemyng=1, Devon Aoki=1, Lee Remick=1, Toni Collette=2, Chico Marx=1, Lloyd Bridges=1, James Cosmo=1, Kristen Wiig=1, Daveigh Chase=1, Christine Hargreaves=1, Tim Holt=1, Robert De Niro=7, Michael Caine=4, Lillian Gish=1, Jessica Lange=1, Jennifer Morrison=1, Andrew Kevin Walker=1, Robin Williams=2, Donna Reed=1, Haley Joel Osment=1, Kurt Russell=1, Bernhard Wicki=1, Derek Jacobi=1, Edward Arnold=1, Ellen Page=1, Paul Winfield=1, Edith Evanson=1, Victoria Horne=1, Valeria Golino=1, Daniel Day-Lewis=2, Arnold Schwarzenegger=2, Marilyn Monroe=1, Christoph Waltz=2, Scott Weinger=1, Niketa Calame=1, John Wray=1, Anthony Perkins=1, Jeff Daniels=1, Uma Thurman=1, Richard Attenborough=2, Bee Vang=1, Neil Patrick Harris=1, Tom Hanks=6, Joseph Melito=1, Diane Keaton=2, Ben Burtt=1, Olivia Williams=1, Ray LePere=1, Crispin Glover=1, Michael Clarke Duncan=1, Benicio Del Toro=2, Wesley Addy=1, Stephen Fry=1}

Looking for the 9 actors with the most films
[Leonardo DiCaprio=8, Harrison Ford=7, James Stewart=7, Robert De Niro=7, Tom Hanks=6, William Holden=5, Paul Newman=5, Tom Hardy=5, Cary Grant=5]

Looking for the movies of the 9 actors with the most movies...

Looking for the 9 actors with the most films
[Leonardo DiCaprio=8, Harrison Ford=7, James Stewart=7, Robert De Niro=7, Tom Hanks=6, William Holden=5, Paul Newman=5, Tom Hardy=5, Cary Grant=5]
[Leonardo DiCaprio=[Inception, The Departed, Django Unchained, The Wolf of Wall Street, Shutter Island, Catch Me If You Can, Blood Diamond, The Revenant], Harrison Ford=[Star Wars: Episode V - The Empire Strikes Back, Star Wars: Episode IV - A New Hope, Raiders of the Lost Ark, Star Wars: Episode VI - Return of the Jedi, Indiana Jones and the Last Crusade, Blade Runner, Star Wars: The Force Awakens], James Stewart=[It's a Wonderful Life, Rear Window, Vertigo, Mr. Smith Goes to Washington, The Man Who Shot Liberty Valance, Anatomy of a Murder, The Philadelphia Story], Robert De Niro=[The Godfather: Part II, Goodfellas, Once Upon a Time in America, Raging Bull, Heat, Casino, The Deer Hunter], Tom Hanks=[Forrest Gump, Saving Private Ryan, The Green Mile, Toy Story 3, Toy Story, Catch Me If You Can], William Holden=[Sunset Boulevard, The Bridge on the River Kwai, Network, Stalag 17, The Wild Bunch], Paul Newman=[The Sting, Cool Hand Luke, Butch Cassidy and the Sundance Kid, Cat on a Hot Tin Roof, The Hustler], Tom Hardy=[Inception, The Dark Knight Rises, Warrior, Mad Max: Fury Road, The Revenant], Cary Grant=[North by Northwest, Arsenic and Old Lace, Notorious, The Philadelphia Story, His Girl Friday]]

Looking for 5 most frequent actor partnerships...
[Carrie Fisher, Mark Hamill=4, Joe Pesci, Robert De Niro=4, Carrie Fisher, Harrison Ford=4, Harrison Ford, Mark Hamill=4, Christian Bale, Michael Caine=3]

Looking for 5 most frequent actor partnerships films...
[Carrie Fisher, Mark Hamill=[Star Wars: Episode V - The Empire Strikes Back, Star Wars: Episode IV - A New Hope, Star Wars: Episode VI - Return of the Jedi, Star Wars: The Force Awakens], Joe Pesci, Robert De Niro=[Goodfellas, Once Upon a Time in America, Raging Bull, Casino], Carrie Fisher, Harrison Ford=[Star Wars: Episode V - The Empire Strikes Back, Star Wars: Episode IV - A New Hope, Star Wars: Episode VI - Return of the Jedi, Star Wars: The Force Awakens], Harrison Ford, Mark Hamill=[Star Wars: Episode V - The Empire Strikes Back, Star Wars: Episode IV - A New Hope, Star Wars: Episode VI - Return of the Jedi, Star Wars: The Force Awakens], Christian Bale, Michael Caine=[The Dark Knight, The Prestige, Batman Begins]]
]]></system-out>
  <system-err><![CDATA[]]></system-err>
</testsuite>
